2024-05-20 20:19:00,550 [Worker-6: Loading available Gradle versions] INFO  o.e.b.c.i.u.g.PublishedGradleVersions - Gradle version information cache is up-to-date. Trying to read.
2024-05-20 20:19:43,345 [Worker-9: Building] INFO  o.a.m.s.f.DefaultMavenResourcesFiltering - Copying 1 resource from src\main\resources to target\classes
2024-05-20 20:19:43,365 [Worker-9: Building] INFO  o.a.m.s.f.DefaultMavenResourcesFiltering - Copying 0 resource from src\main\resources to target\classes
2024-05-20 20:19:43,370 [Worker-9: Building] INFO  o.a.m.s.f.DefaultMavenResourcesFiltering - Copying 0 resource from src\test\resources to target\test-classes
2024-05-20 20:19:44,900 [Worker-9: Building] INFO  o.a.m.s.f.DefaultMavenResourcesFiltering - Copying 1 resource from src\main\resources to target\classes
2024-05-20 20:19:44,931 [Worker-9: Building] INFO  o.a.m.s.f.DefaultMavenResourcesFiltering - Copying 0 resource from src\main\resources to target\classes
2024-05-20 20:19:44,935 [Worker-9: Building] INFO  o.a.m.s.f.DefaultMavenResourcesFiltering - skip non existing resourceDirectory C:\Users\Eduardo\Documents\projeto-mensageria\eurekaserver\src\test\resources
2024-05-20 20:19:45,972 [Worker-9: Building] INFO  o.e.m.c.i.p.WorkspaceClassifierResolverManager - Resolving P/arquiteturaspring: br.com.eduardo.spring.arquitetura:arquiteturaspring:0.0.2-SNAPSHOT with classifier  to /arquiteturaspring/target/classes
2024-05-20 20:19:46,129 [Worker-9: Building] INFO  o.a.m.s.f.DefaultMavenResourcesFiltering - Copying 1 resource from src\main\resources to target\classes
2024-05-20 20:19:46,140 [Worker-9: Building] INFO  o.a.m.s.f.DefaultMavenResourcesFiltering - Copying 0 resource from src\main\resources to target\classes
2024-05-20 20:19:46,143 [Worker-9: Building] INFO  o.a.m.s.f.DefaultMavenResourcesFiltering - skip non existing resourceDirectory C:\Users\Eduardo\Documents\projeto-mensageria\msclientes\src\test\resources
2024-05-20 20:19:47,224 [Worker-9: Building] INFO  o.a.m.s.f.DefaultMavenResourcesFiltering - Copying 1 resource from src\main\resources to target\classes
2024-05-20 20:19:47,239 [Worker-9: Building] INFO  o.a.m.s.f.DefaultMavenResourcesFiltering - Copying 0 resource from src\main\resources to target\classes
2024-05-20 20:19:47,244 [Worker-9: Building] INFO  o.a.m.s.f.DefaultMavenResourcesFiltering - skip non existing resourceDirectory C:\Users\Eduardo\Documents\projeto-mensageria\mscloudgateway\src\test\resources
2024-05-20 20:49:34,093 [Worker-19: Updating Maven Project] INFO  o.e.m.c.i.p.ProjectConfigurationManager - Update started
2024-05-20 20:49:35,265 [Worker-19: Updating Maven Project] INFO  o.e.m.c.i.l.LifecycleMappingFactory - Using org.eclipse.m2e.jdt.JarLifecycleMapping lifecycle mapping for MavenProject: br.com.eduardo.spring.arquitetura:arquiteturaspring:0.0.2-SNAPSHOT @ C:\Users\Eduardo\Documents\projetos spring\ArquiteturaRestSpring\pom.xml.
2024-05-20 20:49:35,634 [Worker-19: Updating Maven Project] INFO  o.e.m.c.i.l.LifecycleMappingFactory - Using org.eclipse.m2e.jdt.JarLifecycleMapping lifecycle mapping for MavenProject: com.eduardooliveiradev:eurekaserver:0.0.1-SNAPSHOT @ C:\Users\Eduardo\Documents\projeto-mensageria\eurekaserver\pom.xml.
2024-05-20 20:49:36,201 [Worker-19: Updating Maven Project] INFO  o.e.m.c.i.l.LifecycleMappingFactory - Using org.eclipse.m2e.jdt.JarLifecycleMapping lifecycle mapping for MavenProject: com.eduardooliveiradev:msclientes:0.0.1-SNAPSHOT @ C:\Users\Eduardo\Documents\projeto-mensageria\msclientes\pom.xml.
2024-05-20 20:49:36,303 [Worker-19: Updating Maven Project] INFO  o.e.m.c.i.p.WorkspaceClassifierResolverManager - Resolving P/arquiteturaspring: br.com.eduardo.spring.arquitetura:arquiteturaspring:0.0.2-SNAPSHOT with classifier  to /arquiteturaspring/target/classes
2024-05-20 20:49:36,387 [Worker-19: Updating Maven Project] INFO  o.e.m.c.i.l.LifecycleMappingFactory - Using org.eclipse.m2e.jdt.JarLifecycleMapping lifecycle mapping for MavenProject: com.eduardooliveiradev:mscloudgateway:0.0.1-SNAPSHOT @ C:\Users\Eduardo\Documents\projeto-mensageria\mscloudgateway\pom.xml.
2024-05-20 20:49:37,669 [Worker-19: Updating Maven Project] INFO  o.e.m.j.i.AbstractJavaProjectConfigurator - Adding source folder /arquiteturaspring/src/main/java
2024-05-20 20:49:37,671 [Worker-19: Updating Maven Project] INFO  o.e.m.j.i.AbstractJavaProjectConfigurator - Adding resource folder /arquiteturaspring/src/main/resources
2024-05-20 20:49:37,672 [Worker-19: Updating Maven Project] INFO  o.e.m.j.i.AbstractJavaProjectConfigurator - Adding resource folder /arquiteturaspring/src/main/resources
2024-05-20 20:49:37,675 [Worker-19: Updating Maven Project] INFO  o.e.m.j.i.AbstractJavaProjectConfigurator - Adding source folder /arquiteturaspring/src/test/java
2024-05-20 20:49:37,675 [Worker-19: Updating Maven Project] INFO  o.e.m.j.i.AbstractJavaProjectConfigurator - Adding resource folder /arquiteturaspring/src/test/resources
2024-05-20 20:49:37,878 [Worker-19: Updating Maven Project] INFO  o.e.m.j.i.AbstractJavaProjectConfigurator - Adding source folder /eurekaserver/src/main/java
2024-05-20 20:49:37,878 [Worker-19: Updating Maven Project] INFO  o.e.m.j.i.AbstractJavaProjectConfigurator - Adding resource folder /eurekaserver/src/main/resources
2024-05-20 20:49:37,879 [Worker-19: Updating Maven Project] INFO  o.e.m.j.i.AbstractJavaProjectConfigurator - Adding resource folder /eurekaserver/src/main/resources
2024-05-20 20:49:37,881 [Worker-19: Updating Maven Project] INFO  o.e.m.j.i.AbstractJavaProjectConfigurator - Adding source folder /eurekaserver/src/test/java
2024-05-20 20:49:37,882 [Worker-19: Updating Maven Project] INFO  o.e.m.j.i.AbstractJavaProjectConfigurator - Adding resource folder /eurekaserver/src/test/resources
2024-05-20 20:49:38,174 [Worker-19: Updating Maven Project] INFO  o.e.m.j.i.AbstractJavaProjectConfigurator - Adding source folder /msclientes/src/main/java
2024-05-20 20:49:38,174 [Worker-19: Updating Maven Project] INFO  o.e.m.j.i.AbstractJavaProjectConfigurator - Adding resource folder /msclientes/src/main/resources
2024-05-20 20:49:38,175 [Worker-19: Updating Maven Project] INFO  o.e.m.j.i.AbstractJavaProjectConfigurator - Adding resource folder /msclientes/src/main/resources
2024-05-20 20:49:38,178 [Worker-19: Updating Maven Project] INFO  o.e.m.j.i.AbstractJavaProjectConfigurator - Adding source folder /msclientes/src/test/java
2024-05-20 20:49:38,179 [Worker-19: Updating Maven Project] INFO  o.e.m.j.i.AbstractJavaProjectConfigurator - Adding resource folder /msclientes/src/test/resources
2024-05-20 20:49:38,445 [Worker-19: Updating Maven Project] INFO  o.e.m.j.i.AbstractJavaProjectConfigurator - Adding source folder /mscloudgateway/src/main/java
2024-05-20 20:49:38,446 [Worker-19: Updating Maven Project] INFO  o.e.m.j.i.AbstractJavaProjectConfigurator - Adding resource folder /mscloudgateway/src/main/resources
2024-05-20 20:49:38,447 [Worker-19: Updating Maven Project] INFO  o.e.m.j.i.AbstractJavaProjectConfigurator - Adding resource folder /mscloudgateway/src/main/resources
2024-05-20 20:49:38,450 [Worker-19: Updating Maven Project] INFO  o.e.m.j.i.AbstractJavaProjectConfigurator - Adding source folder /mscloudgateway/src/test/java
2024-05-20 20:49:38,451 [Worker-19: Updating Maven Project] INFO  o.e.m.j.i.AbstractJavaProjectConfigurator - Adding resource folder /mscloudgateway/src/test/resources
2024-05-20 20:49:39,742 [Worker-19: Updating Maven Project] INFO  o.e.m.c.i.p.ProjectConfigurationManager - Update completed for 4 poms: local refresh takes 0,00 sec, refresh facades takes 3,00 sec, update config takes 1,00 sec 
2024-05-20 20:49:40,280 [Worker-18: Building] INFO  o.a.m.s.f.DefaultMavenResourcesFiltering - Copying 1 resource from src\main\resources to target\classes
2024-05-20 20:49:40,300 [Worker-18: Building] INFO  o.a.m.s.f.DefaultMavenResourcesFiltering - Copying 0 resource from src\main\resources to target\classes
2024-05-20 20:49:40,306 [Worker-18: Building] INFO  o.a.m.s.f.DefaultMavenResourcesFiltering - Copying 0 resource from src\test\resources to target\test-classes
2024-05-20 20:49:40,492 [Worker-18: Building] INFO  o.a.m.s.f.DefaultMavenResourcesFiltering - Copying 1 resource from src\main\resources to target\classes
2024-05-20 20:49:40,513 [Worker-18: Building] INFO  o.a.m.s.f.DefaultMavenResourcesFiltering - Copying 0 resource from src\main\resources to target\classes
2024-05-20 20:49:40,520 [Worker-18: Building] INFO  o.a.m.s.f.DefaultMavenResourcesFiltering - skip non existing resourceDirectory C:\Users\Eduardo\Documents\projeto-mensageria\eurekaserver\src\test\resources
2024-05-20 20:49:40,731 [Worker-18: Building] INFO  o.a.m.s.f.DefaultMavenResourcesFiltering - Copying 1 resource from src\main\resources to target\classes
2024-05-20 20:49:40,744 [Worker-18: Building] INFO  o.a.m.s.f.DefaultMavenResourcesFiltering - Copying 0 resource from src\main\resources to target\classes
2024-05-20 20:49:40,748 [Worker-18: Building] INFO  o.a.m.s.f.DefaultMavenResourcesFiltering - skip non existing resourceDirectory C:\Users\Eduardo\Documents\projeto-mensageria\msclientes\src\test\resources
2024-05-20 20:49:40,910 [Worker-18: Building] INFO  o.a.m.s.f.DefaultMavenResourcesFiltering - Copying 1 resource from src\main\resources to target\classes
2024-05-20 20:49:40,921 [Worker-18: Building] INFO  o.a.m.s.f.DefaultMavenResourcesFiltering - Copying 0 resource from src\main\resources to target\classes
2024-05-20 20:49:40,925 [Worker-18: Building] INFO  o.a.m.s.f.DefaultMavenResourcesFiltering - skip non existing resourceDirectory C:\Users\Eduardo\Documents\projeto-mensageria\mscloudgateway\src\test\resources
2024-06-03 20:10:55,604 [Worker-6: Loading available Gradle versions] INFO  o.e.b.c.i.u.g.PublishedGradleVersions - Gradle version information cache is out-of-date. Trying to update.
2024-06-03 20:11:54,703 [Worker-10: Launching msclientes - MsclientesApplication] INFO  o.e.m.c.i.p.WorkspaceClassifierResolverManager - Resolving P/arquiteturaspring: br.com.eduardo.spring.arquitetura:arquiteturaspring:0.0.2-SNAPSHOT with classifier  to /arquiteturaspring/target/classes
2024-06-03 20:11:55,217 [Worker-10: Launching msclientes - MsclientesApplication] INFO  o.e.m.c.i.p.WorkspaceClassifierResolverManager - Resolving P/arquiteturaspring: br.com.eduardo.spring.arquitetura:arquiteturaspring:0.0.2-SNAPSHOT with classifier null to /arquiteturaspring/target/classes
2024-06-03 20:11:55,617 [Worker-10: Launching msclientes - MsclientesApplication] INFO  o.e.m.c.i.p.WorkspaceClassifierResolverManager - Resolving P/arquiteturaspring: br.com.eduardo.spring.arquitetura:arquiteturaspring:0.0.2-SNAPSHOT with classifier null to /arquiteturaspring/target/classes
2024-06-03 20:11:56,180 [Worker-10: Launching msclientes - MsclientesApplication] INFO  o.e.m.c.i.p.WorkspaceClassifierResolverManager - Resolving P/arquiteturaspring: br.com.eduardo.spring.arquitetura:arquiteturaspring:0.0.2-SNAPSHOT with classifier null to /arquiteturaspring/target/classes
